Line 16: Class vkUserContolsXP.vkFrame of control frmproddetail was not a loaded control class.
Line 34: Class vkUserContolsXP.vkLabel of control vkLabel4 was not a loaded control class.
Line 55: Class vkUserContolsXP.vkLabel of control vkLabel6 was not a loaded control class.
Line 86: Class vkUserContolsXP.vkTextBox of control txtprodstock was not a loaded control class.
Line 114: Class vkUserContolsXP.vkTextBox of control txtproddisc was not a loaded control class.
Line 143: Class vkUserContolsXP.vkTextBox of control txtprodprice was not a loaded control class.
Line 171: Class vkUserContolsXP.vkTextBox of control txtprodname was not a loaded control class.
Line 199: Class vkUserContolsXP.vkTextBox of control txtprodid was not a loaded control class.
Line 227: Class vkUserContolsXP.vkLabel of control vkLabel5 was not a loaded control class.
Line 248: Class vkUserContolsXP.vkLabel of control vkLabel3 was not a loaded control class.
Line 269: Class vkUserContolsXP.vkLabel of control vkLabel2 was not a loaded control class.
Line 290: Class vkUserContolsXP.vkLabel of control vkLabel1 was not a loaded control class.
Line 361: Class vkUserContolsXP.vkFrame of control framefunctiom was not a loaded control class.
Line 379: Class ButtonXp.XPButton of control cmdcancel was not a loaded control class.
Line 400: Class ButtonXp.XPButton of control cmddelete was not a loaded control class.
Line 421: Class ButtonXp.XPButton of control cmdedit was not a loaded control class.
Line 442: Class ButtonXp.XPButton of control cmdadd was not a loaded control class.
Line 463: Class ButtonXp.XPButton of control cmdtop was not a loaded control class.
Line 484: Class ButtonXp.XPButton of control cmdbottom was not a loaded control class.
Line 505: Class ButtonXp.XPButton of control cmdnext was not a loaded control class.
Line 526: Class ButtonXp.XPButton of control cmdprevious was not a loaded control class.
Line 547: Class ButtonXp.XPButton of control cmdclose was not a loaded control class.
Line 568: Class ButtonXp.XPButton of control cmdsearch was not a loaded control class.
Line 589: Class ButtonXp.XPButton of control cmdclosemenu was not a loaded control class.
Line 610: Class ButtonXp.XPButton of control cmdsave was not a loaded control class.
Line 631: Class ButtonXp.XPButton of control cmdendsearch was not a loaded control class.
Line 653: Class ButtonXp.XPButton of control cmdclear was not a loaded control class.
Line 749: Class vkUserContolsXP.vkFrame of control framesearch was not a loaded control class.
Line 771: Class prjXTab.XTab of control XTab1 was not a loaded control class.
Line 829: Class ButtonXp.XPButton of control cmdok4 was not a loaded control class.
Line 850: Class vkUserContolsXP.vkLabel of control vkLabel12 was not a loaded control class.
Line 872: Class ButtonXp.XPButton of control cmdok3 was not a loaded control class.
Line 893: Class ButtonXp.XPButton of control cmdok2 was not a loaded control class.
Line 914: Class ButtonXp.XPButton of control cmdok1 was not a loaded control class.
Line 935: Class vkUserContolsXP.vkLabel of control vkLabel11 was not a loaded control class.
Line 957: Class vkUserContolsXP.vkTextBox of control txtsprodname was not a loaded control class.
Line 985: Class vkUserContolsXP.vkLabel of control vkLabel9 was not a loaded control class.
Line 1007: Class vkUserContolsXP.vkTextBox of control txtsprodid was not a loaded control class.
Line 1036: Class vkUserContolsXP.vkLabel of control vkLabel7 was not a loaded control class.
Line 1058: Class vkUserContolsXP.vkTextBox of control txtsprodcomp was not a loaded control class.
Line 1087: Class vkUserContolsXP.vkLabel of control vkLabel8 was not a loaded control class.
Line 1109: Class vkUserContolsXP.vkLabel of control vkLabel10 was not a loaded control class.
