Line 63: Class vkUserContolsXP.vkFrame of control framesearch was not a loaded control class.
Line 81: Class prjXTab.XTab of control XTab1 was not a loaded control class.
Line 126: Class ButtonXp.XPButton of control XPButton2 was not a loaded control class.
Line 147: Class ButtonXp.XPButton of control XPButton1 was not a loaded control class.
Line 168: Class ButtonXp.XPButton of control cmdok was not a loaded control class.
Line 189: Class vkUserContolsXP.vkLabel of control vkLabel9 was not a loaded control class.
Line 211: Class vkUserContolsXP.vkTextBox of control txtscustmobile was not a loaded control class.
Line 240: Class vkUserContolsXP.vkLabel of control vkLabel8 was not a loaded control class.
Line 262: Class vkUserContolsXP.vkTextBox of control txtscustname was not a loaded control class.
Line 290: Class vkUserContolsXP.vkLabel of control vkLabel7 was not a loaded control class.
Line 312: Class vkUserContolsXP.vkTextBox of control txtscustid was not a loaded control class.
Line 341: Class vkUserContolsXP.vkLabel of control vkLabel1 was not a loaded control class.
Line 373: Class vkUserContolsXP.vkFrame of control framefunctiom was not a loaded control class.
Line 391: Class ButtonXp.XPButton of control cmdclear was not a loaded control class.
Line 412: Class ButtonXp.XPButton of control cmdendsearch was not a loaded control class.
Line 434: Class ButtonXp.XPButton of control cmdsave was not a loaded control class.
Line 455: Class ButtonXp.XPButton of control cmdclosemenu was not a loaded control class.
Line 476: Class ButtonXp.XPButton of control cmdsearch was not a loaded control class.
Line 497: Class ButtonXp.XPButton of control cmdclose was not a loaded control class.
Line 518: Class ButtonXp.XPButton of control cmdprevious was not a loaded control class.
Line 539: Class ButtonXp.XPButton of control cmdnext was not a loaded control class.
Line 560: Class ButtonXp.XPButton of control cmdbottom was not a loaded control class.
Line 581: Class ButtonXp.XPButton of control cmdtop was not a loaded control class.
Line 602: Class ButtonXp.XPButton of control cmdadd was not a loaded control class.
Line 623: Class ButtonXp.XPButton of control cmdedit was not a loaded control class.
Line 644: Class ButtonXp.XPButton of control cmddelete was not a loaded control class.
Line 665: Class ButtonXp.XPButton of control cmdcancel was not a loaded control class.
Line 774: Class vkUserContolsXP.vkFrame of control frmcustdetail was not a loaded control class.
Line 804: Class vkUserContolsXP.vkLabel of control vkLabel6 was not a loaded control class.
Line 825: Class vkUserContolsXP.vkLabel of control vkLabel5 was not a loaded control class.
Line 846: Class vkUserContolsXP.vkTextBox of control txtcustmobileno was not a loaded control class.
Line 875: Class vkUserContolsXP.vkLabel of control vkLabel4 was not a loaded control class.
Line 896: Class vkUserContolsXP.vkTextBox of control txtcustname was not a loaded control class.
Line 924: Class vkUserContolsXP.vkLabel of control vkLabel2 was not a loaded control class.
Line 945: Class vkUserContolsXP.vkLabel of control vkLabel3 was not a loaded control class.
Line 966: Class vkUserContolsXP.vkTextBox of control txtcustid was not a loaded control class.
Line 994: Class vkUserContolsXP.vkOptionButton of control optmale was not a loaded control class.
Line 1016: Class vkUserContolsXP.vkOptionButton of control optfemale was not a loaded control class.
Line 1038: Class vkUserContolsXP.vkTextBox of control txtcustaddress was not a loaded control class.
Line 1068: Class vkUserContolsXP.vkLabel of control Cust was not a loaded control class.
