Line 24: Class vkUserContolsXP.vkFrame of control frmdistdetail was not a loaded control class.
Line 42: Class vkUserContolsXP.vkTextBox of control txtdistcaddress was not a loaded control class.
Line 72: Class vkUserContolsXP.vkLabel of control vkLabel4 was not a loaded control class.
Line 93: Class vkUserContolsXP.vkLabel of control vkLabel1 was not a loaded control class.
Line 114: Class vkUserContolsXP.vkTextBox of control txtdistcname was not a loaded control class.
Line 142: Class vkUserContolsXP.vkLabel of control Cust was not a loaded control class.
Line 163: Class vkUserContolsXP.vkTextBox of control txtdistaddress was not a loaded control class.
Line 193: Class vkUserContolsXP.vkTextBox of control txtdistid was not a loaded control class.
Line 221: Class vkUserContolsXP.vkLabel of control vkLabel3 was not a loaded control class.
Line 242: Class vkUserContolsXP.vkLabel of control vkLabel2 was not a loaded control class.
Line 263: Class vkUserContolsXP.vkTextBox of control txtdistname was not a loaded control class.
Line 291: Class vkUserContolsXP.vkTextBox of control txtdistmobileno was not a loaded control class.
Line 320: Class vkUserContolsXP.vkLabel of control vkLabel5 was not a loaded control class.
Line 342: Class vkUserContolsXP.vkFrame of control framefunctiom was not a loaded control class.
Line 360: Class ButtonXp.XPButton of control cmdcancel was not a loaded control class.
Line 381: Class ButtonXp.XPButton of control cmddelete was not a loaded control class.
Line 402: Class ButtonXp.XPButton of control cmdedit was not a loaded control class.
Line 423: Class ButtonXp.XPButton of control cmdadd was not a loaded control class.
Line 444: Class ButtonXp.XPButton of control cmdtop was not a loaded control class.
Line 465: Class ButtonXp.XPButton of control cmdbottom was not a loaded control class.
Line 486: Class ButtonXp.XPButton of control cmdnext was not a loaded control class.
Line 507: Class ButtonXp.XPButton of control cmdprevious was not a loaded control class.
Line 528: Class ButtonXp.XPButton of control cmdclose was not a loaded control class.
Line 549: Class ButtonXp.XPButton of control cmdsearch was not a loaded control class.
Line 570: Class ButtonXp.XPButton of control cmdclosemenu was not a loaded control class.
Line 591: Class ButtonXp.XPButton of control cmdsave was not a loaded control class.
Line 612: Class ButtonXp.XPButton of control cmdendsearch was not a loaded control class.
Line 634: Class ButtonXp.XPButton of control cmdclear was not a loaded control class.
Line 743: Class vkUserContolsXP.vkFrame of control framesearch was not a loaded control class.
Line 761: Class prjXTab.XTab of control XTab1 was not a loaded control class.
Line 811: Class vkUserContolsXP.vkLabel of control vkLabel11 was not a loaded control class.
Line 832: Class vkUserContolsXP.vkLabel of control vkLabel10 was not a loaded control class.
Line 854: Class vkUserContolsXP.vkTextBox of control txtsdistcname was not a loaded control class.
Line 882: Class vkUserContolsXP.vkLabel of control vkLabel8 was not a loaded control class.
Line 904: Class vkUserContolsXP.vkTextBox of control txtsdistmobile was not a loaded control class.
Line 933: Class vkUserContolsXP.vkLabel of control vkLabel6 was not a loaded control class.
Line 955: Class vkUserContolsXP.vkTextBox of control txtsdistid was not a loaded control class.
Line 984: Class vkUserContolsXP.vkLabel of control vkLabel7 was not a loaded control class.
Line 1006: Class vkUserContolsXP.vkTextBox of control txtsdistname was not a loaded control class.
Line 1034: Class vkUserContolsXP.vkLabel of control vkLabel9 was not a loaded control class.
Line 1056: Class ButtonXp.XPButton of control cmdok was not a loaded control class.
Line 1077: Class ButtonXp.XPButton of control XPButton1 was not a loaded control class.
Line 1098: Class ButtonXp.XPButton of control XPButton2 was not a loaded control class.
