Line 15: Class vkUserContolsXP.vkFrame of control frameregestration was not a loaded control class.
Line 33: Class vkUserContolsXP.vkLabel of control vkLabel11 was not a loaded control class.
Line 63: Class vkUserContolsXP.vkLabel of control vkLabel10 was not a loaded control class.
Line 84: Class vkUserContolsXP.vkLabel of control vkLabel3 was not a loaded control class.
Line 105: Class vkUserContolsXP.vkTextBox of control txtusername was not a loaded control class.
Line 133: Class ButtonXp.XPButton of control cmdclear was not a loaded control class.
Line 154: Class ButtonXp.XPButton of control cmdok was not a loaded control class.
Line 175: Class ButtonXp.XPButton of control cmdcancel was not a loaded control class.
Line 196: Class vkUserContolsXP.vkTextBox of control txtfirstname was not a loaded control class.
Line 224: Class vkUserContolsXP.vkLabel of control vkLabel9 was not a loaded control class.
Line 245: Class vkUserContolsXP.vkLabel of control vkLabel8 was not a loaded control class.
Line 266: Class vkUserContolsXP.vkLabel of control vkLabel7 was not a loaded control class.
Line 287: Class vkUserContolsXP.vkLabel of control vkLabel6 was not a loaded control class.
Line 308: Class vkUserContolsXP.vkLabel of control vkLabel5 was not a loaded control class.
Line 329: Class vkUserContolsXP.vkLabel of control vkLabel4 was not a loaded control class.
Line 350: Class vkUserContolsXP.vkLabel of control vkLabel1 was not a loaded control class.
Line 371: Class vkUserContolsXP.vkTextBox of control txtlastname was not a loaded control class.
Line 399: Class vkUserContolsXP.vkTextBox of control txtpass was not a loaded control class.
Line 428: Class vkUserContolsXP.vkTextBox of control txtconfpass was not a loaded control class.
Line 457: Class vkUserContolsXP.vkTextBox of control txtcity was not a loaded control class.
Line 485: Class vkUserContolsXP.vkTextBox of control txtpincode was not a loaded control class.
Line 514: Class vkUserContolsXP.vkTextBox of control txtmobileno was not a loaded control class.
Line 543: Class vkUserContolsXP.vkOptionButton of control optmale was not a loaded control class.
Line 565: Class vkUserContolsXP.vkOptionButton of control optfemale was not a loaded control class.
Line 634: Class vkUserContolsXP.vkLabel of control vkLabel2 was not a loaded control class.
