Line 19: Class vkUserContolsXP.vkTextBox of control txtseldistadd was not a loaded control class.
Line 47: Class vkUserContolsXP.vkTextBox of control txtseldistname was not a loaded control class.
Line 75: Class vkUserContolsXP.vkTextBox of control txtseldistid was not a loaded control class.
Line 117: Class vkUserContolsXP.vkLabel of control vkLabel5 was not a loaded control class.
Line 138: Class vkUserContolsXP.vkFrame of control vkFrame2 was not a loaded control class.
Line 193: Class vkUserContolsXP.vkFrame of control vkFrame1 was not a loaded control class.
Line 229: Class vkUserContolsXP.vkLabel of control vkLabel4 was not a loaded control class.
Line 250: Class vkUserContolsXP.vkLabel of control vkLabel3 was not a loaded control class.
Line 271: Class vkUserContolsXP.vkLabel of control vkLabel2 was not a loaded control class.
Line 292: Class vkUserContolsXP.vkTextBox of control vkTextBox4 was not a loaded control class.
Line 320: Class vkUserContolsXP.vkTextBox of control vkTextBox2 was not a loaded control class.
Line 348: Class vkUserContolsXP.vkTextBox of control vkTextBox1 was not a loaded control class.
Line 376: Class vkUserContolsXP.vkLabel of control vkLabel1 was not a loaded control class.
Line 395: Class prjXTab.XTab of control XTab1 was not a loaded control class.
Line 441: Class vkUserContolsXP.vkLabel of control vkLabel35 was not a loaded control class.
Line 462: Class vkUserContolsXP.vkFrame of control vkFrame5 was not a loaded control class.
Line 484: Class vkUserContolsXP.vkLabel of control vkLabel33 was not a loaded control class.
Line 505: Class vkUserContolsXP.vkTextBox of control txtproddiscf was not a loaded control class.
Line 533: Class vkUserContolsXP.vkTextBox of control txtprodstockf was not a loaded control class.
Line 561: Class vkUserContolsXP.vkTextBox of control txtprodpricef was not a loaded control class.
Line 589: Class vkUserContolsXP.vkTextBox of control txtprodnamef was not a loaded control class.
Line 618: Class vkUserContolsXP.vkLabel of control vkLabel32 was not a loaded control class.
Line 639: Class vkUserContolsXP.vkLabel of control vkLabel31 was not a loaded control class.
Line 660: Class vkUserContolsXP.vkLabel of control vkLabel30 was not a loaded control class.
Line 681: Class vkUserContolsXP.vkLabel of control vkLabel29 was not a loaded control class.
Line 702: Class vkUserContolsXP.vkTextBox of control txtprodqtyf was not a loaded control class.
Line 730: Class vkUserContolsXP.vkLabel of control vkLabel28 was not a loaded control class.
Line 751: Class ButtonXp.XPButton of control XPButton8 was not a loaded control class.
Line 772: Class ButtonXp.XPButton of control XPButton7 was not a loaded control class.
Line 793: Class vkUserContolsXP.vkTextBox of control txtprodidf was not a loaded control class.
Line 822: Class vkUserContolsXP.vkLabel of control vkLabel27 was not a loaded control class.
Line 850: Class vkUserContolsXP.vkFrame of control vkFrame4 was not a loaded control class.
Line 872: Class vkUserContolsXP.vkLabel of control vkLabel34 was not a loaded control class.
Line 893: Class vkUserContolsXP.vkLabel of control vkLabel26 was not a loaded control class.
Line 914: Class vkUserContolsXP.vkTextBox of control txtprodide was not a loaded control class.
Line 943: Class ButtonXp.XPButton of control XPButton6 was not a loaded control class.
Line 964: Class ButtonXp.XPButton of control XPButton5 was not a loaded control class.
Line 985: Class vkUserContolsXP.vkLabel of control vkLabel25 was not a loaded control class.
Line 1006: Class vkUserContolsXP.vkTextBox of control txtprodqtye was not a loaded control class.
Line 1034: Class vkUserContolsXP.vkLabel of control vkLabel24 was not a loaded control class.
Line 1055: Class vkUserContolsXP.vkLabel of control vkLabel23 was not a loaded control class.
Line 1076: Class vkUserContolsXP.vkLabel of control vkLabel22 was not a loaded control class.
Line 1097: Class vkUserContolsXP.vkLabel of control vkLabel21 was not a loaded control class.
Line 1118: Class vkUserContolsXP.vkTextBox of control txtprodnamee was not a loaded control class.
Line 1147: Class vkUserContolsXP.vkTextBox of control txtprodpricee was not a loaded control class.
Line 1175: Class vkUserContolsXP.vkTextBox of control txtprodstocke was not a loaded control class.
Line 1203: Class vkUserContolsXP.vkTextBox of control txtproddisce was not a loaded control class.
Line 1231: Class vkUserContolsXP.vkLabel of control vkLabel20 was not a loaded control class.
Line 1259: Class vkUserContolsXP.vkFrame of control vkFrame3 was not a loaded control class.
Line 1281: Class vkUserContolsXP.vkLabel of control vkLabel19 was not a loaded control class.
Line 1302: Class vkUserContolsXP.vkTextBox of control txtproddiscc was not a loaded control class.
Line 1330: Class vkUserContolsXP.vkTextBox of control txtprodstockc was not a loaded control class.
Line 1358: Class vkUserContolsXP.vkTextBox of control txtprodpricec was not a loaded control class.
Line 1386: Class vkUserContolsXP.vkTextBox of control txtprodnamec was not a loaded control class.
Line 1415: Class vkUserContolsXP.vkLabel of control vkLabel18 was not a loaded control class.
Line 1436: Class vkUserContolsXP.vkLabel of control vkLabel17 was not a loaded control class.
Line 1457: Class vkUserContolsXP.vkLabel of control vkLabel16 was not a loaded control class.
Line 1478: Class vkUserContolsXP.vkLabel of control vkLabel15 was not a loaded control class.
Line 1499: Class vkUserContolsXP.vkTextBox of control txtprodqtyc was not a loaded control class.
Line 1527: Class vkUserContolsXP.vkLabel of control vkLabel14 was not a loaded control class.
Line 1548: Class ButtonXp.XPButton of control XPButton4 was not a loaded control class.
Line 1569: Class ButtonXp.XPButton of control XPButton3 was not a loaded control class.
Line 1590: Class vkUserContolsXP.vkTextBox of control txtprodidc was not a loaded control class.
Line 1619: Class vkUserContolsXP.vkLabel of control vkLabel13 was not a loaded control class.
Line 1671: Class vkUserContolsXP.vkFrame of control frametoothpaste was not a loaded control class.
Line 1693: Class vkUserContolsXP.vkLabel of control lbl1 was not a loaded control class.
Line 1716: Class vkUserContolsXP.vkLabel of control vkLabel12 was not a loaded control class.
Line 1737: Class vkUserContolsXP.vkTextBox of control txtprodidg was not a loaded control class.
Line 1766: Class ButtonXp.XPButton of control XPButton2 was not a loaded control class.
Line 1787: Class ButtonXp.XPButton of control cmdpurchase was not a loaded control class.
Line 1808: Class vkUserContolsXP.vkLabel of control vkLabel6 was not a loaded control class.
Line 1829: Class vkUserContolsXP.vkTextBox of control txtprodqtyg was not a loaded control class.
Line 1857: Class vkUserContolsXP.vkLabel of control vkLabel7 was not a loaded control class.
Line 1878: Class vkUserContolsXP.vkLabel of control vkLabel8 was not a loaded control class.
Line 1899: Class vkUserContolsXP.vkLabel of control vkLabel9 was not a loaded control class.
Line 1920: Class vkUserContolsXP.vkLabel of control vkLabel10 was not a loaded control class.
Line 1941: Class vkUserContolsXP.vkTextBox of control txtprodnameg was not a loaded control class.
Line 1970: Class vkUserContolsXP.vkTextBox of control txtprodpriceg was not a loaded control class.
Line 1998: Class vkUserContolsXP.vkTextBox of control txtprodstockg was not a loaded control class.
Line 2026: Class vkUserContolsXP.vkTextBox of control txtproddiscg was not a loaded control class.
Line 2054: Class vkUserContolsXP.vkLabel of control vkLabel11 was not a loaded control class.
